{"D:\\Documentos\\Portafolio\\cursoJest\\src\\arrays.js": {"path":"D:\\Documentos\\Portafolio\\cursoJest\\src\\arrays.js","statementMap":{"0":{"start":{"line":1,"column":16},"end":{"line":3,"column":1}},"1":{"start":{"line":2,"column":2},"end":{"line":2,"column":47}},"2":{"start":{"line":5,"column":22},"end":{"line":7,"column":1}},"3":{"start":{"line":6,"column":2},"end":{"line":6,"column":44}},"4":{"start":{"line":9,"column":0},"end":{"line":9,"column":65}}},"fnMap":{"0":{"name":"(anonymous_0)","decl":{"start":{"line":1,"column":16},"end":{"line":1,"column":17}},"loc":{"start":{"line":1,"column":22},"end":{"line":3,"column":1}},"line":1},"1":{"name":"(anonymous_1)","decl":{"start":{"line":5,"column":22},"end":{"line":5,"column":23}},"loc":{"start":{"line":5,"column":28},"end":{"line":7,"column":1}},"line":5}},"branchMap":{},"s":{"0":1,"1":3,"2":1,"3":1,"4":1},"f":{"0":3,"1":1},"b":{},"_coverageSchema":"1a1c01bbd47fc00a2c39e90264f33305004495a9","hash":"bdeea42118c029e3b9893ccd8f80f63f3f7482b6"}
,"D:\\Documentos\\Portafolio\\cursoJest\\src\\sum.js": {"path":"D:\\Documentos\\Portafolio\\cursoJest\\src\\sum.js","statementMap":{"0":{"start":{"line":2,"column":2},"end":{"line":2,"column":13}},"1":{"start":{"line":5,"column":0},"end":{"line":5,"column":21}}},"fnMap":{"0":{"name":"sum","decl":{"start":{"line":1,"column":9},"end":{"line":1,"column":12}},"loc":{"start":{"line":1,"column":18},"end":{"line":3,"column":1}},"line":1}},"branchMap":{},"s":{"0":4,"1":1},"f":{"0":4},"b":{},"_coverageSchema":"1a1c01bbd47fc00a2c39e90264f33305004495a9","hash":"8a55095a4c7811d55cc5c377053bf18f97d1f402"}
}
